TN:
SF:server/index.ts
FN:16,(anonymous_0)
FN:31,isChord4Url
FN:34,(anonymous_2)
FN:40,normalizeChord4Text
FN:49,scoreChord4Block
FN:56,isLikelyChordLine
FN:68,sanitizeChord4Lines
FN:69,(anonymous_7)
FN:110,extractChord4ChordSheet
FN:116,(anonymous_9)
FN:125,(anonymous_10)
FN:137,extractGenericChordText
FN:149,(anonymous_12)
FN:180,(anonymous_13)
FN:186,(anonymous_14)
FN:225,(anonymous_15)
FNF:16
FNH:8
FNDA:1,(anonymous_0)
FNDA:0,isChord4Url
FNDA:0,(anonymous_2)
FNDA:8,normalizeChord4Text
FNDA:0,scoreChord4Block
FNDA:14,isLikelyChordLine
FNDA:2,sanitizeChord4Lines
FNDA:18,(anonymous_7)
FNDA:2,extractChord4ChordSheet
FNDA:4,(anonymous_9)
FNDA:0,(anonymous_10)
FNDA:0,extractGenericChordText
FNDA:0,(anonymous_12)
FNDA:1,(anonymous_13)
FNDA:0,(anonymous_14)
FNDA:0,(anonymous_15)
DA:8,1
DA:9,1
DA:10,1
DA:11,1
DA:13,1
DA:14,1
DA:16,1
DA:17,1
DA:24,1
DA:25,1
DA:27,1
DA:29,1
DA:32,0
DA:33,0
DA:34,0
DA:36,0
DA:41,8
DA:50,0
DA:51,0
DA:52,0
DA:53,0
DA:57,14
DA:58,14
DA:59,14
DA:60,14
DA:61,32
DA:62,19
DA:65,14
DA:69,18
DA:70,2
DA:71,2
DA:73,2
DA:74,18
DA:75,1
DA:76,1
DA:78,1
DA:81,17
DA:82,2
DA:83,2
DA:85,0
DA:89,17
DA:90,3
DA:92,14
DA:93,0
DA:96,14
DA:97,14
DA:99,14
DA:102,18
DA:103,14
DA:107,2
DA:111,2
DA:112,2
DA:113,2
DA:115,2
DA:116,2
DA:117,4
DA:118,4
DA:119,4
DA:120,4
DA:121,0
DA:122,0
DA:125,2
DA:126,2
DA:127,2
DA:130,2
DA:131,2
DA:132,2
DA:134,2
DA:138,0
DA:146,0
DA:149,1
DA:150,0
DA:151,0
DA:152,0
DA:153,0
DA:156,0
DA:157,0
DA:162,0
DA:163,0
DA:166,0
DA:168,0
DA:169,0
DA:170,0
DA:171,0
DA:173,0
DA:180,1
DA:181,1
DA:182,1
DA:183,1
DA:186,1
DA:187,0
DA:188,0
DA:189,0
DA:193,0
DA:196,0
DA:197,0
DA:215,0
DA:217,0
DA:224,1
DA:225,0
DA:226,0
LF:101
LH:63
BRDA:9,0,0,1
BRDA:9,0,1,1
BRDA:11,1,0,0
BRDA:11,1,1,1
BRDA:34,2,0,0
BRDA:34,2,1,0
BRDA:50,3,0,0
BRDA:50,3,1,0
BRDA:51,4,0,0
BRDA:51,4,1,0
BRDA:58,5,0,0
BRDA:58,5,1,14
BRDA:61,6,0,19
BRDA:61,6,1,13
BRDA:65,7,0,14
BRDA:65,7,1,5
BRDA:74,8,0,1
BRDA:74,8,1,17
BRDA:75,9,0,1
BRDA:75,9,1,0
BRDA:75,10,0,1
BRDA:75,10,1,1
BRDA:81,11,0,2
BRDA:81,11,1,15
BRDA:82,12,0,2
BRDA:82,12,1,0
BRDA:89,13,0,3
BRDA:89,13,1,14
BRDA:92,14,0,0
BRDA:92,14,1,14
BRDA:99,15,0,14
BRDA:99,15,1,5
BRDA:102,16,0,14
BRDA:102,16,1,4
BRDA:102,17,0,18
BRDA:102,17,1,9
BRDA:102,17,2,4
BRDA:118,18,0,0
BRDA:118,18,1,4
BRDA:120,19,0,4
BRDA:120,19,1,0
BRDA:121,20,0,0
BRDA:121,20,1,0
BRDA:125,21,0,2
BRDA:125,21,1,2
BRDA:126,22,0,2
BRDA:126,22,1,0
BRDA:131,23,0,2
BRDA:131,23,1,0
BRDA:150,24,0,0
BRDA:150,24,1,0
BRDA:151,25,0,0
BRDA:151,25,1,0
BRDA:162,26,0,0
BRDA:162,26,1,0
BRDA:169,27,0,0
BRDA:169,27,1,0
BRDA:181,28,0,1
BRDA:181,28,1,0
BRDA:187,29,0,0
BRDA:187,29,1,0
BRDA:188,30,0,0
BRDA:188,30,1,0
BRDA:224,31,0,0
BRDA:224,31,1,1
BRF:65
BRH:34
end_of_record
TN:
SF:src/audio/wavExport.ts
FN:9,writeString
FN:15,clampSample
FN:19,renderEventsToWav
FN:24,(anonymous_3)
FN:29,(anonymous_4)
FN:30,(anonymous_5)
FNF:6
FNH:6
FNDA:4,writeString
FNDA:66150,clampSample
FNDA:1,renderEventsToWav
FNDA:2,(anonymous_3)
FNDA:1,(anonymous_4)
FNDA:2,(anonymous_5)
DA:10,4
DA:11,16
DA:16,66150
DA:20,1
DA:21,0
DA:24,2
DA:25,1
DA:26,1
DA:27,1
DA:29,1
DA:30,1
DA:31,2
DA:32,1
DA:33,1
DA:36,1
DA:37,1
DA:38,1
DA:39,1
DA:40,1
DA:41,1
DA:42,22050
DA:43,22050
DA:45,1
DA:48,1
DA:49,1
DA:50,1
DA:52,1
DA:53,1
DA:54,1
DA:55,1
DA:56,1
DA:57,1
DA:58,1
DA:59,1
DA:60,1
DA:61,1
DA:62,1
DA:63,1
DA:64,1
DA:66,1
DA:67,1
DA:68,66150
DA:69,66150
DA:72,1
LF:44
LH:43
BRDA:19,0,0,1
BRDA:20,1,0,0
BRDA:20,1,1,1
BRDA:31,2,0,1
BRDA:31,2,1,1
BRDA:37,3,0,0
BRDA:37,3,1,1
BRF:7
BRH:5
end_of_record
TN:
SF:src/lib/chords.ts
FN:8,createSection
FN:18,normalizeSectionType
FN:28,canonicalizeChordSymbol
FN:37,parseChordSymbol
FN:64,parseChordText
FN:74,ensureParagraph
FN:83,pushParagraphIfNeeded
FN:93,pushLine
FN:124,(anonymous_8)
FN:127,(anonymous_9)
FN:132,(anonymous_10)
FN:183,(anonymous_11)
FN:193,transposeChordSymbol
FNF:13
FNH:12
FNDA:9,createSection
FNDA:9,normalizeSectionType
FNDA:57,canonicalizeChordSymbol
FNDA:55,parseChordSymbol
FNDA:4,parseChordText
FNDA:19,ensureParagraph
FNDA:6,pushParagraphIfNeeded
FNDA:13,pushLine
FNDA:32,(anonymous_8)
FNDA:32,(anonymous_9)
FNDA:32,(anonymous_10)
FNDA:6,(anonymous_11)
FNDA:0,transposeChordSymbol
DA:4,2
DA:5,2
DA:6,2
DA:9,9
DA:19,9
DA:20,9
DA:21,9
DA:22,6
DA:23,4
DA:24,4
DA:25,4
DA:29,57
DA:38,55
DA:39,55
DA:40,55
DA:41,55
DA:42,12
DA:45,43
DA:46,55
DA:47,55
DA:51,55
DA:65,4
DA:66,4
DA:67,4
DA:68,4
DA:70,4
DA:71,4
DA:72,4
DA:75,19
DA:76,0
DA:77,0
DA:78,0
DA:80,19
DA:84,6
DA:85,6
DA:86,2
DA:94,13
DA:97,4
DA:98,14
DA:99,14
DA:100,1
DA:101,1
DA:103,13
DA:104,13
DA:105,5
DA:106,5
DA:107,5
DA:112,5
DA:113,5
DA:119,5
DA:122,8
DA:124,32
DA:127,32
DA:132,32
DA:133,8
DA:135,14
DA:136,2
DA:141,2
DA:144,6
DA:145,6
DA:146,24
DA:147,2
DA:151,2
DA:154,22
DA:155,22
DA:156,1
DA:157,1
DA:161,1
DA:163,21
DA:164,21
DA:171,6
DA:178,4
DA:179,0
DA:182,4
DA:183,6
DA:185,4
DA:194,0
DA:195,0
DA:196,0
DA:197,0
LF:80
LH:72
BRDA:20,0,0,0
BRDA:20,0,1,9
BRDA:21,1,0,3
BRDA:21,1,1,6
BRDA:22,2,0,2
BRDA:22,2,1,4
BRDA:23,3,0,0
BRDA:23,3,1,4
BRDA:24,4,0,0
BRDA:24,4,1,4
BRDA:39,5,0,0
BRDA:39,5,1,55
BRDA:41,6,0,12
BRDA:41,6,1,43
BRDA:41,7,0,55
BRDA:41,7,1,43
BRDA:45,8,0,0
BRDA:45,8,1,43
BRDA:46,9,0,55
BRDA:46,9,1,0
BRDA:46,9,2,0
BRDA:47,10,0,43
BRDA:47,10,1,0
BRDA:75,11,0,0
BRDA:75,11,1,19
BRDA:85,12,0,2
BRDA:85,12,1,4
BRDA:99,13,0,1
BRDA:99,13,1,13
BRDA:104,14,0,5
BRDA:104,14,1,8
BRDA:133,15,0,8
BRDA:133,15,1,6
BRDA:135,16,0,2
BRDA:135,16,1,12
BRDA:146,17,0,2
BRDA:146,17,1,22
BRDA:155,18,0,1
BRDA:155,18,1,21
BRDA:178,19,0,0
BRDA:178,19,1,4
BRDA:195,20,0,0
BRDA:195,20,1,0
BRDA:195,21,0,0
BRDA:195,21,1,0
BRDA:197,22,0,0
BRDA:197,22,1,0
BRF:47
BRH:31
end_of_record
TN:
SF:src/lib/progression.ts
FN:8,nextChordIndex
FN:17,(anonymous_1)
FN:24,prevChordIndex
FN:30,jumpToSection
FN:35,(anonymous_4)
FN:48,inferSectionForIndex
FN:49,(anonymous_6)
FNF:7
FNH:5
FNDA:2,nextChordIndex
FNDA:2,(anonymous_1)
FNDA:1,prevChordIndex
FNDA:1,jumpToSection
FNDA:2,(anonymous_4)
FNDA:0,inferSectionForIndex
FNDA:0,(anonymous_6)
DA:14,2
DA:15,2
DA:17,2
DA:18,1
DA:20,1
DA:21,0
DA:25,1
DA:26,1
DA:27,0
DA:35,2
DA:36,1
DA:37,0
DA:42,1
DA:49,0
LF:14
LH:10
BRDA:14,0,0,0
BRDA:14,0,1,2
BRDA:15,1,0,1
BRDA:15,1,1,1
BRDA:18,2,0,0
BRDA:18,2,1,1
BRDA:20,3,0,1
BRDA:20,3,1,0
BRDA:25,4,0,0
BRDA:25,4,1,1
BRDA:26,5,0,1
BRDA:26,5,1,0
BRDA:33,6,0,1
BRDA:36,7,0,0
BRDA:36,7,1,1
BRDA:49,8,0,0
BRDA:49,8,1,0
BRF:17
BRH:9
end_of_record
TN:
SF:src/lib/voicing.ts
FN:18,dedupePitchClasses
FN:36,buildVoicing
FN:57,(anonymous_2)
FN:69,(anonymous_3)
FNF:4
FNH:4
FNDA:3,dedupePitchClasses
FNDA:3,buildVoicing
FNDA:12,(anonymous_2)
FNDA:16,(anonymous_3)
DA:4,1
DA:11,1
DA:19,3
DA:20,3
DA:21,3
DA:22,12
DA:23,12
DA:24,12
DA:25,12
DA:27,3
DA:42,3
DA:43,3
DA:45,3
DA:46,3
DA:48,3
DA:49,3
DA:50,1
DA:53,3
DA:54,3
DA:55,3
DA:57,3
DA:58,12
DA:59,12
DA:60,12
DA:61,12
DA:62,12
DA:69,16
LF:27
LH:27
BRDA:23,0,0,0
BRDA:23,0,1,12
BRDA:23,1,0,12
BRDA:23,1,1,12
BRDA:39,2,0,3
BRDA:40,3,0,3
BRDA:43,4,0,0
BRDA:43,4,1,3
BRDA:43,5,0,3
BRDA:43,5,1,3
BRDA:46,6,0,0
BRDA:46,6,1,3
BRDA:49,7,0,1
BRDA:49,7,1,2
BRDA:61,8,0,0
BRDA:61,8,1,12
BRF:16
BRH:12
end_of_record
