TN:
SF:server/index.ts
FN:16,(anonymous_0)
FN:31,isChord4Url
FN:34,(anonymous_2)
FN:40,normalizeChord4Text
FN:49,scoreChord4Block
FN:56,isLikelyChordLine
FN:68,sanitizeChord4Lines
FN:69,(anonymous_7)
FN:110,extractChord4ChordSheet
FN:116,(anonymous_9)
FN:125,(anonymous_10)
FN:137,extractGenericChordText
FN:149,(anonymous_12)
FN:180,(anonymous_13)
FN:186,(anonymous_14)
FN:225,(anonymous_15)
FNF:16
FNH:8
FNDA:1,(anonymous_0)
FNDA:0,isChord4Url
FNDA:0,(anonymous_2)
FNDA:8,normalizeChord4Text
FNDA:0,scoreChord4Block
FNDA:14,isLikelyChordLine
FNDA:2,sanitizeChord4Lines
FNDA:18,(anonymous_7)
FNDA:2,extractChord4ChordSheet
FNDA:4,(anonymous_9)
FNDA:0,(anonymous_10)
FNDA:0,extractGenericChordText
FNDA:0,(anonymous_12)
FNDA:1,(anonymous_13)
FNDA:0,(anonymous_14)
FNDA:0,(anonymous_15)
DA:8,1
DA:9,1
DA:10,1
DA:11,1
DA:13,1
DA:14,1
DA:16,1
DA:17,1
DA:24,1
DA:25,1
DA:27,1
DA:29,1
DA:32,0
DA:33,0
DA:34,0
DA:36,0
DA:41,8
DA:50,0
DA:51,0
DA:52,0
DA:53,0
DA:57,14
DA:58,14
DA:59,14
DA:60,14
DA:61,32
DA:62,19
DA:65,14
DA:69,18
DA:70,2
DA:71,2
DA:73,2
DA:74,18
DA:75,1
DA:76,1
DA:78,1
DA:81,17
DA:82,2
DA:83,2
DA:85,0
DA:89,17
DA:90,3
DA:92,14
DA:93,0
DA:96,14
DA:97,14
DA:99,14
DA:102,18
DA:103,14
DA:107,2
DA:111,2
DA:112,2
DA:113,2
DA:115,2
DA:116,2
DA:117,4
DA:118,4
DA:119,4
DA:120,4
DA:121,0
DA:122,0
DA:125,2
DA:126,2
DA:127,2
DA:130,2
DA:131,2
DA:132,2
DA:134,2
DA:138,0
DA:146,0
DA:149,1
DA:150,0
DA:151,0
DA:152,0
DA:153,0
DA:156,0
DA:157,0
DA:162,0
DA:163,0
DA:166,0
DA:168,0
DA:169,0
DA:170,0
DA:171,0
DA:173,0
DA:180,1
DA:181,1
DA:182,1
DA:183,1
DA:186,1
DA:187,0
DA:188,0
DA:189,0
DA:193,0
DA:196,0
DA:197,0
DA:215,0
DA:217,0
DA:224,1
DA:225,0
DA:226,0
LF:101
LH:63
BRDA:9,0,0,1
BRDA:9,0,1,1
BRDA:11,1,0,0
BRDA:11,1,1,1
BRDA:34,2,0,0
BRDA:34,2,1,0
BRDA:50,3,0,0
BRDA:50,3,1,0
BRDA:51,4,0,0
BRDA:51,4,1,0
BRDA:58,5,0,0
BRDA:58,5,1,14
BRDA:61,6,0,19
BRDA:61,6,1,13
BRDA:65,7,0,14
BRDA:65,7,1,5
BRDA:74,8,0,1
BRDA:74,8,1,17
BRDA:75,9,0,1
BRDA:75,9,1,0
BRDA:75,10,0,1
BRDA:75,10,1,1
BRDA:81,11,0,2
BRDA:81,11,1,15
BRDA:82,12,0,2
BRDA:82,12,1,0
BRDA:89,13,0,3
BRDA:89,13,1,14
BRDA:92,14,0,0
BRDA:92,14,1,14
BRDA:99,15,0,14
BRDA:99,15,1,5
BRDA:102,16,0,14
BRDA:102,16,1,4
BRDA:102,17,0,18
BRDA:102,17,1,9
BRDA:102,17,2,4
BRDA:118,18,0,0
BRDA:118,18,1,4
BRDA:120,19,0,4
BRDA:120,19,1,0
BRDA:121,20,0,0
BRDA:121,20,1,0
BRDA:125,21,0,2
BRDA:125,21,1,2
BRDA:126,22,0,2
BRDA:126,22,1,0
BRDA:131,23,0,2
BRDA:131,23,1,0
BRDA:150,24,0,0
BRDA:150,24,1,0
BRDA:151,25,0,0
BRDA:151,25,1,0
BRDA:162,26,0,0
BRDA:162,26,1,0
BRDA:169,27,0,0
BRDA:169,27,1,0
BRDA:181,28,0,1
BRDA:181,28,1,0
BRDA:187,29,0,0
BRDA:187,29,1,0
BRDA:188,30,0,0
BRDA:188,30,1,0
BRDA:224,31,0,0
BRDA:224,31,1,1
BRF:65
BRH:34
end_of_record
TN:
SF:src/audio/wavExport.ts
FN:9,writeString
FN:15,clampSample
FN:19,renderEventsToWav
FN:24,(anonymous_3)
FN:29,(anonymous_4)
FN:30,(anonymous_5)
FNF:6
FNH:6
FNDA:4,writeString
FNDA:66150,clampSample
FNDA:1,renderEventsToWav
FNDA:2,(anonymous_3)
FNDA:1,(anonymous_4)
FNDA:2,(anonymous_5)
DA:10,4
DA:11,16
DA:16,66150
DA:20,1
DA:21,0
DA:24,2
DA:25,1
DA:26,1
DA:27,1
DA:29,1
DA:30,1
DA:31,2
DA:32,1
DA:33,1
DA:36,1
DA:37,1
DA:38,1
DA:39,1
DA:40,1
DA:41,1
DA:42,22050
DA:43,22050
DA:45,1
DA:48,1
DA:49,1
DA:50,1
DA:52,1
DA:53,1
DA:54,1
DA:55,1
DA:56,1
DA:57,1
DA:58,1
DA:59,1
DA:60,1
DA:61,1
DA:62,1
DA:63,1
DA:64,1
DA:66,1
DA:67,1
DA:68,66150
DA:69,66150
DA:72,1
LF:44
LH:43
BRDA:19,0,0,1
BRDA:20,1,0,0
BRDA:20,1,1,1
BRDA:31,2,0,1
BRDA:31,2,1,1
BRDA:37,3,0,0
BRDA:37,3,1,1
BRF:7
BRH:5
end_of_record
TN:
SF:src/lib/chords.ts
FN:7,createSection
FN:17,normalizeSectionType
FN:27,canonicalizeChordSymbol
FN:36,parseChordSymbol
FN:63,parseChordText
FN:73,ensureParagraph
FN:82,pushParagraphIfNeeded
FN:92,pushLine
FN:123,(anonymous_8)
FN:126,(anonymous_9)
FN:131,(anonymous_10)
FN:174,(anonymous_11)
FN:184,transposeChordSymbol
FNF:13
FNH:12
FNDA:7,createSection
FNDA:7,normalizeSectionType
FNDA:49,canonicalizeChordSymbol
FNDA:47,parseChordSymbol
FNDA:3,parseChordText
FNDA:15,ensureParagraph
FNDA:5,pushParagraphIfNeeded
FNDA:10,pushLine
FNDA:26,(anonymous_8)
FNDA:26,(anonymous_9)
FNDA:26,(anonymous_10)
FNDA:5,(anonymous_11)
FNDA:0,transposeChordSymbol
DA:4,2
DA:5,2
DA:8,7
DA:18,7
DA:19,7
DA:20,7
DA:21,5
DA:22,3
DA:23,3
DA:24,3
DA:28,49
DA:37,47
DA:38,47
DA:39,47
DA:40,47
DA:41,8
DA:44,39
DA:45,47
DA:46,47
DA:50,47
DA:64,3
DA:65,3
DA:66,3
DA:67,3
DA:69,3
DA:70,3
DA:71,3
DA:74,15
DA:75,0
DA:76,0
DA:77,0
DA:79,15
DA:83,5
DA:84,5
DA:85,2
DA:93,10
DA:96,3
DA:97,11
DA:98,11
DA:99,1
DA:100,1
DA:102,10
DA:103,10
DA:104,4
DA:105,4
DA:106,4
DA:111,4
DA:112,4
DA:118,4
DA:121,6
DA:123,26
DA:126,26
DA:131,26
DA:132,6
DA:134,11
DA:135,1
DA:140,1
DA:143,5
DA:144,5
DA:145,20
DA:146,20
DA:147,1
DA:148,1
DA:152,1
DA:154,19
DA:155,19
DA:162,5
DA:169,3
DA:170,0
DA:173,3
DA:174,5
DA:176,3
DA:185,0
DA:186,0
DA:187,0
DA:188,0
LF:76
LH:68
BRDA:19,0,0,0
BRDA:19,0,1,7
BRDA:20,1,0,2
BRDA:20,1,1,5
BRDA:21,2,0,2
BRDA:21,2,1,3
BRDA:22,3,0,0
BRDA:22,3,1,3
BRDA:23,4,0,0
BRDA:23,4,1,3
BRDA:38,5,0,0
BRDA:38,5,1,47
BRDA:40,6,0,8
BRDA:40,6,1,39
BRDA:40,7,0,47
BRDA:40,7,1,39
BRDA:44,8,0,0
BRDA:44,8,1,39
BRDA:45,9,0,47
BRDA:45,9,1,0
BRDA:45,9,2,0
BRDA:46,10,0,39
BRDA:46,10,1,0
BRDA:74,11,0,0
BRDA:74,11,1,15
BRDA:84,12,0,2
BRDA:84,12,1,3
BRDA:98,13,0,1
BRDA:98,13,1,10
BRDA:103,14,0,4
BRDA:103,14,1,6
BRDA:132,15,0,6
BRDA:132,15,1,5
BRDA:134,16,0,1
BRDA:134,16,1,10
BRDA:146,17,0,1
BRDA:146,17,1,19
BRDA:169,18,0,0
BRDA:169,18,1,3
BRDA:186,19,0,0
BRDA:186,19,1,0
BRDA:186,20,0,0
BRDA:186,20,1,0
BRDA:188,21,0,0
BRDA:188,21,1,0
BRF:45
BRH:29
end_of_record
TN:
SF:src/lib/progression.ts
FN:8,nextChordIndex
FN:17,(anonymous_1)
FN:24,prevChordIndex
FN:30,jumpToSection
FN:35,(anonymous_4)
FN:48,inferSectionForIndex
FN:49,(anonymous_6)
FNF:7
FNH:5
FNDA:2,nextChordIndex
FNDA:2,(anonymous_1)
FNDA:1,prevChordIndex
FNDA:1,jumpToSection
FNDA:2,(anonymous_4)
FNDA:0,inferSectionForIndex
FNDA:0,(anonymous_6)
DA:14,2
DA:15,2
DA:17,2
DA:18,1
DA:20,1
DA:21,0
DA:25,1
DA:26,1
DA:27,0
DA:35,2
DA:36,1
DA:37,0
DA:42,1
DA:49,0
LF:14
LH:10
BRDA:14,0,0,0
BRDA:14,0,1,2
BRDA:15,1,0,1
BRDA:15,1,1,1
BRDA:18,2,0,0
BRDA:18,2,1,1
BRDA:20,3,0,1
BRDA:20,3,1,0
BRDA:25,4,0,0
BRDA:25,4,1,1
BRDA:26,5,0,1
BRDA:26,5,1,0
BRDA:33,6,0,1
BRDA:36,7,0,0
BRDA:36,7,1,1
BRDA:49,8,0,0
BRDA:49,8,1,0
BRF:17
BRH:9
end_of_record
TN:
SF:src/lib/voicing.ts
FN:18,dedupePitchClasses
FN:36,buildVoicing
FN:57,(anonymous_2)
FN:69,(anonymous_3)
FNF:4
FNH:4
FNDA:3,dedupePitchClasses
FNDA:3,buildVoicing
FNDA:12,(anonymous_2)
FNDA:16,(anonymous_3)
DA:4,1
DA:11,1
DA:19,3
DA:20,3
DA:21,3
DA:22,12
DA:23,12
DA:24,12
DA:25,12
DA:27,3
DA:42,3
DA:43,3
DA:45,3
DA:46,3
DA:48,3
DA:49,3
DA:50,1
DA:53,3
DA:54,3
DA:55,3
DA:57,3
DA:58,12
DA:59,12
DA:60,12
DA:61,12
DA:62,12
DA:69,16
LF:27
LH:27
BRDA:23,0,0,0
BRDA:23,0,1,12
BRDA:23,1,0,12
BRDA:23,1,1,12
BRDA:39,2,0,3
BRDA:40,3,0,3
BRDA:43,4,0,0
BRDA:43,4,1,3
BRDA:43,5,0,3
BRDA:43,5,1,3
BRDA:46,6,0,0
BRDA:46,6,1,3
BRDA:49,7,0,1
BRDA:49,7,1,2
BRDA:61,8,0,0
BRDA:61,8,1,12
BRF:16
BRH:12
end_of_record
